Using pre-set license
Built from '2021.2/staging' branch; Version is '2021.2.9f1 (921b45a28ab6) revision 9575237'; Using compiler version '192829333'; Build Type 'Release'
OS: 'Windows 11  (10.0.22000) 64bit Core' Language: 'en' Physical Memory: 16281 MB
BatchMode: 1, IsHumanControllingUs: 0, StartBugReporterOnCrash: 0, Is64bit: 1, IsPro: 0

COMMAND LINE ARGUMENTS:
C:\Program Files\Unity\Hub\Editor\2021.2.9f1\Editor\Unity.exe
-adb2
-batchMode
-noUpm
-name
AssetImportWorker1
-projectPath
C:/Users/Aasim/Documents/GitHub/module3-cardgames-abdelkhalek_sgro
-logFile
Logs/AssetImportWorker1.log
-srvPort
53280
Successfully changed project path to: C:/Users/Aasim/Documents/GitHub/module3-cardgames-abdelkhalek_sgro
C:/Users/Aasim/Documents/GitHub/module3-cardgames-abdelkhalek_sgro
[UnityMemory] Configuration Parameters - Can be set up in boot.config
    "memorysetup-bucket-allocator-granularity=16"
    "memorysetup-bucket-allocator-bucket-count=8"
    "memorysetup-bucket-allocator-block-size=33554432"
    "memorysetup-bucket-allocator-block-count=8"
    "memorysetup-main-allocator-block-size=16777216"
    "memorysetup-thread-allocator-block-size=16777216"
    "memorysetup-gfx-main-allocator-block-size=16777216"
    "memorysetup-gfx-thread-allocator-block-size=16777216"
    "memorysetup-cache-allocator-block-size=4194304"
    "memorysetup-typetree-allocator-block-size=2097152"
    "memorysetup-profiler-bucket-allocator-granularity=16"
    "memorysetup-profiler-bucket-allocator-bucket-count=8"
    "memorysetup-profiler-bucket-allocator-block-size=33554432"
    "memorysetup-profiler-bucket-allocator-block-count=8"
    "memorysetup-profiler-allocator-block-size=16777216"
    "memorysetup-profiler-editor-allocator-block-size=1048576"
    "memorysetup-temp-allocator-size-main=16777216"
    "memorysetup-job-temp-allocator-block-size=2097152"
    "memorysetup-job-temp-allocator-block-size-background=1048576"
    "memorysetup-job-temp-allocator-reduction-small-platforms=262144"
    "memorysetup-temp-allocator-size-background-worker=32768"
    "memorysetup-temp-allocator-size-job-worker=262144"
    "memorysetup-temp-allocator-size-preload-manager=33554432"
    "memorysetup-temp-allocator-size-nav-mesh-worker=65536"
    "memorysetup-temp-allocator-size-audio-worker=65536"
    "memorysetup-temp-allocator-size-cloud-worker=32768"
    "memorysetup-temp-allocator-size-gi-baking-worker=262144"
    "memorysetup-temp-allocator-size-gfx=262144"
Refreshing native plugins compatible for Editor in 37.44 ms, found 2 plugins.
Preloading 0 native plugins for Editor in 0.00 ms.
Initialize engine version: 2021.2.9f1 (921b45a28ab6)
[Subsystems] Discovering subsystems at path C:/Program Files/Unity/Hub/Editor/2021.2.9f1/Editor/Data/Resources/UnitySubsystems
[Subsystems] Discovering subsystems at path C:/Users/Aasim/Documents/GitHub/module3-cardgames-abdelkhalek_sgro/Assets
GfxDevice: creating device client; threaded=0; jobified=0
Direct3D:
    Version:  Direct3D 11.0 [level 11.1]
    Renderer: Radeon (TM) 530 (ID=0x6900)
    Vendor:   ATI
    VRAM:     4086 MB
    Driver:   26.20.15026.1
Initialize mono
Mono path[0] = 'C:/Program Files/Unity/Hub/Editor/2021.2.9f1/Editor/Data/Managed'
Mono path[1] = 'C:/Program Files/Unity/Hub/Editor/2021.2.9f1/Editor/Data/MonoBleedingEdge/lib/mono/unityjit-win32'
Mono config path = 'C:/Program Files/Unity/Hub/Editor/2021.2.9f1/Editor/Data/MonoBleedingEdge/etc'
Using monoOptions --debugger-agent=transport=dt_socket,embedding=1,server=y,suspend=n,address=127.0.0.1:56404
Begin MonoManager ReloadAssembly
Registering precompiled unity dll's ...
Register platform support module: C:/Program Files/Unity/Hub/Editor/2021.2.9f1/Editor/Data/PlaybackEngines/WebGLSupport/UnityEditor.WebGL.Extensions.dll
Register platform support module: C:/Program Files/Unity/Hub/Editor/2021.2.9f1/Editor/Data/PlaybackEngines/WindowsStandaloneSupport/UnityEditor.WindowsStandalone.Extensions.dll
Registered in 0.006379 seconds.
Native extension for WindowsStandalone target not found
Native extension for WebGL target not found
Refreshing native plugins compatible for Editor in 36.62 ms, found 2 plugins.
Preloading 0 native plugins for Editor in 0.00 ms.
Mono: successfully reloaded assembly
- Completed reload, in  0.794 seconds
Domain Reload Profiling:
	ReloadAssembly (795ms)
		BeginReloadAssembly (91ms)
			ExecutionOrderSort (0ms)
			DisableScriptedObjects (0ms)
			BackupInstance (0ms)
			ReleaseScriptingObjects (0ms)
			CreateAndSetChildDomain (1ms)
		EndReloadAssembly (595ms)
			LoadAssemblies (89ms)
			RebuildTransferFunctionScriptingTraits (0ms)
			SetupTypeCache (154ms)
			ReleaseScriptCaches (0ms)
			RebuildScriptCaches (40ms)
			SetupLoadedEditorAssemblies (334ms)
				LogAssemblyErrors (0ms)
				InitializePlatformSupportModulesInManaged (29ms)
				SetLoadedEditorAssemblies (0ms)
				RefreshPlugins (37ms)
				BeforeProcessingInitializeOnLoad (2ms)
				ProcessInitializeOnLoadAttributes (201ms)
				ProcessInitializeOnLoadMethodAttributes (65ms)
				AfterProcessingInitializeOnLoad (0ms)
				EditorAssembliesLoaded (0ms)
			ExecutionOrderSort2 (0ms)
			AwakeInstancesAfterBackupRestoration (0ms)
Platform modules already initialized, skipping
Registering precompiled user dll's ...
Registered in 0.004507 seconds.
Begin MonoManager ReloadAssembly
Native extension for WindowsStandalone target not found
Native extension for WebGL target not found
Refreshing native plugins compatible for Editor in 0.47 ms, found 2 plugins.
Preloading 0 native plugins for Editor in 0.00 ms.
Mono: successfully reloaded assembly
- Completed reload, in  1.172 seconds
Domain Reload Profiling:
	ReloadAssembly (1173ms)
		BeginReloadAssembly (150ms)
			ExecutionOrderSort (0ms)
			DisableScriptedObjects (8ms)
			BackupInstance (0ms)
			ReleaseScriptingObjects (0ms)
			CreateAndSetChildDomain (31ms)
		EndReloadAssembly (885ms)
			LoadAssemblies (89ms)
			RebuildTransferFunctionScriptingTraits (0ms)
			SetupTypeCache (263ms)
			ReleaseScriptCaches (0ms)
			RebuildScriptCaches (59ms)
			SetupLoadedEditorAssemblies (417ms)
				LogAssemblyErrors (0ms)
				InitializePlatformSupportModulesInManaged (17ms)
				SetLoadedEditorAssemblies (1ms)
				RefreshPlugins (1ms)
				BeforeProcessingInitializeOnLoad (73ms)
				ProcessInitializeOnLoadAttributes (291ms)
				ProcessInitializeOnLoadMethodAttributes (28ms)
				AfterProcessingInitializeOnLoad (7ms)
				EditorAssembliesLoaded (0ms)
			ExecutionOrderSort2 (0ms)
			AwakeInstancesAfterBackupRestoration (8ms)
Platform modules already initialized, skipping
========================================================================
Worker process is ready to serve import requests
Launched and connected shader compiler UnityShaderCompiler.exe after 0.08 seconds
Refreshing native plugins compatible for Editor in 0.43 ms, found 2 plugins.
Preloading 0 native plugins for Editor in 0.00 ms.
Unloading 1585 Unused Serialized files (Serialized files now loaded: 0)
Unloading 19 unused Assets / (56.0 KB). Loaded Objects now: 2048.
Memory consumption went from 70.2 MB to 70.2 MB.
Total: 3.642700 ms (FindLiveObjects: 0.204500 ms CreateObjectMapping: 0.116400 ms MarkObjects: 3.240600 ms  DeleteObjects: 0.079400 ms)

AssetImportParameters requested are different than current active one (requested -> active):
  custom:video-decoder-ogg-theora: a1e56fd34408186e4bbccfd4996cb3dc -> 
  custom:container-muxer-webm: aa71ff27fc2769a1b78a27578f13a17b -> 
  custom:container-demuxer-webm: 4f35f7cbe854078d1ac9338744f61a02 -> 
  custom:video-encoder-webm-vp8: eb34c28f22e8b96e1ab97ce403110664 -> 
  custom:video-codec-MediaFoundation-h265: 746d11721c4dcdbdad8f713fa42b33f4 -> 
  custom:audio-encoder-webm-vorbis: bf7c407c2cedff20999df2af8eb42d56 -> 
  custom:framework-win-MediaFoundation: 216162199b28c13a410421893ffa2e32 -> 
  custom:container-demuxer-ogg: 62fdf1f143b41e24485cea50d1cbac27 -> 
  custom:video-decoder-webm-vp8: 9c59270c3fd7afecdb556c50c9e8de78 -> 
  custom:audio-decoder-ogg-vorbis: bf7c407c2cedff20999df2af8eb42d56 -> 
========================================================================
Received Import Request.
  Time since last request: 768454.443945 seconds.
  path: Assets/Golf_Solitaire/Sprites/Background_Mat_GS.jpg
  artifactKey: Guid(623bbb07a5330204f952173c8b9e2da4) Importer(815301076,1909f56bfc062723c751e8b465ee728b)
Start importing Assets/Golf_Solitaire/Sprites/Background_Mat_GS.jpg using Guid(623bbb07a5330204f952173c8b9e2da4) Importer(815301076,1909f56bfc062723c751e8b465ee728b)  -> (artifact id: 'f2c8f13a4784345c979b82cec6c9810d') in 0.110507 seconds 
========================================================================
Received Import Request.
  Time since last request: 0.000029 seconds.
  path: Assets/Golf_Solitaire/Sprites/Spade_GS.png
  artifactKey: Guid(2c54195d06233aa4b85d2fdb8f7345e9) Importer(815301076,1909f56bfc062723c751e8b465ee728b)
Start importing Assets/Golf_Solitaire/Sprites/Spade_GS.png using Guid(2c54195d06233aa4b85d2fdb8f7345e9) Importer(815301076,1909f56bfc062723c751e8b465ee728b)  -> (artifact id: 'fea76269a8caf6f69341a7e18fe61834') in 0.083789 seconds 
========================================================================
Received Import Request.
  Time since last request: 0.000023 seconds.
  path: Assets/Golf_Solitaire/Sprites/Diamond_GS.png
  artifactKey: Guid(409f16ae60a16cc46b03d4fb07cd8fb1) Importer(815301076,1909f56bfc062723c751e8b465ee728b)
Start importing Assets/Golf_Solitaire/Sprites/Diamond_GS.png using Guid(409f16ae60a16cc46b03d4fb07cd8fb1) Importer(815301076,1909f56bfc062723c751e8b465ee728b)  -> (artifact id: 'daef6697b9b0a047c1c81b6df304c6cf') in 0.026382 seconds 
========================================================================
Received Import Request.
  Time since last request: 0.000076 seconds.
  path: Assets/Golf_Solitaire/Sprites/FaceCard_13C_GS.png
  artifactKey: Guid(30eb509d38c0f1a44bd24f29b20b77e3) Importer(815301076,1909f56bfc062723c751e8b465ee728b)
Start importing Assets/Golf_Solitaire/Sprites/FaceCard_13C_GS.png using Guid(30eb509d38c0f1a44bd24f29b20b77e3) Importer(815301076,1909f56bfc062723c751e8b465ee728b)  -> (artifact id: '56de5b47e9b2b0642f14abd556350fbe') in 0.035565 seconds 
========================================================================
Received Import Request.
  Time since last request: 0.000032 seconds.
  path: Assets/Golf_Solitaire/Sprites/Background_Mat_GS.mat
  artifactKey: Guid(ec86d74434850d64c8c868ae6faec44e) Importer(815301076,1909f56bfc062723c751e8b465ee728b)
Start importing Assets/Golf_Solitaire/Sprites/Background_Mat_GS.mat using Guid(ec86d74434850d64c8c868ae6faec44e) Importer(815301076,1909f56bfc062723c751e8b465ee728b)  -> (artifact id: '76102c002f52169843bec6e4d762f3ab') in 0.114610 seconds 
========================================================================
Received Import Request.
  Time since last request: 0.000029 seconds.
  path: Assets/Golf_Solitaire/Sprites/FaceCard_13S_GS.png
  artifactKey: Guid(f26afd4c553187d41a960891a020737d) Importer(815301076,1909f56bfc062723c751e8b465ee728b)
Start importing Assets/Golf_Solitaire/Sprites/FaceCard_13S_GS.png using Guid(f26afd4c553187d41a960891a020737d) Importer(815301076,1909f56bfc062723c751e8b465ee728b)  -> (artifact id: '70c003d1a7da8aff568dbd110cd811aa') in 0.032861 seconds 
========================================================================
Received Import Request.
  Time since last request: 0.000017 seconds.
  path: Assets/Golf_Solitaire/Sprites/FaceCard_12C_GS.png
  artifactKey: Guid(9c5fb98447f08be49bc5102f6fc94b08) Importer(815301076,1909f56bfc062723c751e8b465ee728b)
Start importing Assets/Golf_Solitaire/Sprites/FaceCard_12C_GS.png using Guid(9c5fb98447f08be49bc5102f6fc94b08) Importer(815301076,1909f56bfc062723c751e8b465ee728b)  -> (artifact id: 'a83685ca4db5f5ffca92bd59207ae228') in 0.030083 seconds 
========================================================================
Received Import Request.
  Time since last request: 0.000021 seconds.
  path: Assets/Golf_Solitaire/Sprites/FaceCard_11C_GS.png
  artifactKey: Guid(8bf46d740d3b0e34aa9b7503b3295321) Importer(815301076,1909f56bfc062723c751e8b465ee728b)
Start importing Assets/Golf_Solitaire/Sprites/FaceCard_11C_GS.png using Guid(8bf46d740d3b0e34aa9b7503b3295321) Importer(815301076,1909f56bfc062723c751e8b465ee728b)  -> (artifact id: 'b7b7f37c90739a7b1b36ec98d405bdae') in 0.036423 seconds 
========================================================================
Received Import Request.
  Time since last request: 0.000040 seconds.
  path: Assets/Golf_Solitaire/Sprites/Club_GS.png
  artifactKey: Guid(06d4c415054d7b8498c31f0fee873b02) Importer(815301076,1909f56bfc062723c751e8b465ee728b)
Start importing Assets/Golf_Solitaire/Sprites/Club_GS.png using Guid(06d4c415054d7b8498c31f0fee873b02) Importer(815301076,1909f56bfc062723c751e8b465ee728b)  -> (artifact id: '1c06481dab094f60eefb296af5b766c3') in 0.029579 seconds 
========================================================================
Received Import Request.
  Time since last request: 0.000037 seconds.
  path: Assets/Golf_Solitaire/Sprites/FaceCard_12D_GS.png
  artifactKey: Guid(b3ed2e81f2831f74c9d5f0f511e5798c) Importer(815301076,1909f56bfc062723c751e8b465ee728b)
Start importing Assets/Golf_Solitaire/Sprites/FaceCard_12D_GS.png using Guid(b3ed2e81f2831f74c9d5f0f511e5798c) Importer(815301076,1909f56bfc062723c751e8b465ee728b)  -> (artifact id: '07aa5569c180e105904a19f9c0854569') in 0.035172 seconds 
========================================================================
Received Import Request.
  Time since last request: 0.000023 seconds.
  path: Assets/Golf_Solitaire/Sprites/FaceCard_13D_GS.png
  artifactKey: Guid(3d0d307d94d5f3341841beea35e4bfe5) Importer(815301076,1909f56bfc062723c751e8b465ee728b)
Start importing Assets/Golf_Solitaire/Sprites/FaceCard_13D_GS.png using Guid(3d0d307d94d5f3341841beea35e4bfe5) Importer(815301076,1909f56bfc062723c751e8b465ee728b)  -> (artifact id: 'a9e9e2dc1deee1ee651f2d19837bb385') in 0.040490 seconds 
========================================================================
Received Import Request.
  Time since last request: 0.000026 seconds.
  path: Assets/Golf_Solitaire/Sprites/Letters_GS.png
  artifactKey: Guid(c1691dc1208ae284db7b834319c820e3) Importer(815301076,1909f56bfc062723c751e8b465ee728b)
Start importing Assets/Golf_Solitaire/Sprites/Letters_GS.png using Guid(c1691dc1208ae284db7b834319c820e3) Importer(815301076,1909f56bfc062723c751e8b465ee728b)  -> (artifact id: 'd4e8a455230c9445eb628a06fffa4113') in 0.031556 seconds 
========================================================================
Received Import Request.
  Time since last request: 0.000033 seconds.
  path: Assets/Golf_Solitaire/Sprites/FaceCard_11D_GS.png
  artifactKey: Guid(5bf590b9cb181b74aa2b95b9d9ef17e5) Importer(815301076,1909f56bfc062723c751e8b465ee728b)
Start importing Assets/Golf_Solitaire/Sprites/FaceCard_11D_GS.png using Guid(5bf590b9cb181b74aa2b95b9d9ef17e5) Importer(815301076,1909f56bfc062723c751e8b465ee728b)  -> (artifact id: '0938cdcc4f3e40d71b5bcaa4f53ffe01') in 0.059193 seconds 
========================================================================
Received Import Request.
  Time since last request: 0.000032 seconds.
  path: Assets/Golf_Solitaire/Sprites/FaceCard_11H_GS.png
  artifactKey: Guid(c08f48c743bc4cf41bc7c989de0cae26) Importer(815301076,1909f56bfc062723c751e8b465ee728b)
Start importing Assets/Golf_Solitaire/Sprites/FaceCard_11H_GS.png using Guid(c08f48c743bc4cf41bc7c989de0cae26) Importer(815301076,1909f56bfc062723c751e8b465ee728b)  -> (artifact id: '9bc10dfc8ee214074b308d4841ff6be8') in 0.041889 seconds 
========================================================================
Received Import Request.
  Time since last request: 0.000031 seconds.
  path: Assets/Golf_Solitaire/Sprites/Card_Front_GS.png
  artifactKey: Guid(d7368f9a64dc74a47acd48004d52344a) Importer(815301076,1909f56bfc062723c751e8b465ee728b)
Start importing Assets/Golf_Solitaire/Sprites/Card_Front_GS.png using Guid(d7368f9a64dc74a47acd48004d52344a) Importer(815301076,1909f56bfc062723c751e8b465ee728b)  -> (artifact id: '88113b5787d2c7c5ebb9bd9f10a4623a') in 0.037154 seconds 
========================================================================
Received Prepare
Registering precompiled user dll's ...
Registered in 0.003982 seconds.
Begin MonoManager ReloadAssembly
Native extension for WindowsStandalone target not found
Native extension for WebGL target not found
Refreshing native plugins compatible for Editor in 1.07 ms, found 2 plugins.
Preloading 0 native plugins for Editor in 0.00 ms.
Mono: successfully reloaded assembly
- Completed reload, in  1.385 seconds
Domain Reload Profiling:
	ReloadAssembly (1386ms)
		BeginReloadAssembly (154ms)
			ExecutionOrderSort (0ms)
			DisableScriptedObjects (6ms)
			BackupInstance (0ms)
			ReleaseScriptingObjects (0ms)
			CreateAndSetChildDomain (41ms)
		EndReloadAssembly (1112ms)
			LoadAssemblies (87ms)
			RebuildTransferFunctionScriptingTraits (0ms)
			SetupTypeCache (238ms)
			ReleaseScriptCaches (1ms)
			RebuildScriptCaches (85ms)
			SetupLoadedEditorAssemblies (568ms)
				LogAssemblyErrors (0ms)
				InitializePlatformSupportModulesInManaged (33ms)
				SetLoadedEditorAssemblies (1ms)
				RefreshPlugins (1ms)
				BeforeProcessingInitializeOnLoad (83ms)
				ProcessInitializeOnLoadAttributes (398ms)
				ProcessInitializeOnLoadMethodAttributes (42ms)
				AfterProcessingInitializeOnLoad (10ms)
				EditorAssembliesLoaded (0ms)
			ExecutionOrderSort2 (0ms)
			AwakeInstancesAfterBackupRestoration (28ms)
Platform modules already initialized, skipping
Refreshing native plugins compatible for Editor in 1.25 ms, found 2 plugins.
Preloading 0 native plugins for Editor in 0.00 ms.
Unloading 1593 Unused Serialized files (Serialized files now loaded: 0)
Unloading 14 unused Assets / (24.6 KB). Loaded Objects now: 2312.
Memory consumption went from 80.7 MB to 80.7 MB.
Total: 6.041500 ms (FindLiveObjects: 0.343200 ms CreateObjectMapping: 0.154400 ms MarkObjects: 5.487600 ms  DeleteObjects: 0.054100 ms)

AssetImportParameters requested are different than current active one (requested -> active):
  custom:video-decoder-ogg-theora: a1e56fd34408186e4bbccfd4996cb3dc -> 
  custom:container-muxer-webm: aa71ff27fc2769a1b78a27578f13a17b -> 
  custom:container-demuxer-webm: 4f35f7cbe854078d1ac9338744f61a02 -> 
  custom:video-encoder-webm-vp8: eb34c28f22e8b96e1ab97ce403110664 -> 
  custom:video-codec-MediaFoundation-h265: 746d11721c4dcdbdad8f713fa42b33f4 -> 
  custom:audio-encoder-webm-vorbis: bf7c407c2cedff20999df2af8eb42d56 -> 
  custom:framework-win-MediaFoundation: 216162199b28c13a410421893ffa2e32 -> 
  custom:container-demuxer-ogg: 62fdf1f143b41e24485cea50d1cbac27 -> 
  custom:video-decoder-webm-vp8: 9c59270c3fd7afecdb556c50c9e8de78 -> 
  custom:audio-decoder-ogg-vorbis: bf7c407c2cedff20999df2af8eb42d56 -> 
========================================================================
Received Prepare
Registering precompiled user dll's ...
Registered in 0.004282 seconds.
Begin MonoManager ReloadAssembly
Native extension for WindowsStandalone target not found
Native extension for WebGL target not found
Refreshing native plugins compatible for Editor in 0.36 ms, found 2 plugins.
Preloading 0 native plugins for Editor in 0.00 ms.
Mono: successfully reloaded assembly
- Completed reload, in  1.329 seconds
Domain Reload Profiling:
	ReloadAssembly (1330ms)
		BeginReloadAssembly (168ms)
			ExecutionOrderSort (0ms)
			DisableScriptedObjects (12ms)
			BackupInstance (0ms)
			ReleaseScriptingObjects (0ms)
			CreateAndSetChildDomain (40ms)
		EndReloadAssembly (1022ms)
			LoadAssemblies (97ms)
			RebuildTransferFunctionScriptingTraits (0ms)
			SetupTypeCache (227ms)
			ReleaseScriptCaches (1ms)
			RebuildScriptCaches (49ms)
			SetupLoadedEditorAssemblies (564ms)
				LogAssemblyErrors (0ms)
				InitializePlatformSupportModulesInManaged (20ms)
				SetLoadedEditorAssemblies (1ms)
				RefreshPlugins (0ms)
				BeforeProcessingInitializeOnLoad (80ms)
				ProcessInitializeOnLoadAttributes (405ms)
				ProcessInitializeOnLoadMethodAttributes (45ms)
				AfterProcessingInitializeOnLoad (13ms)
				EditorAssembliesLoaded (0ms)
			ExecutionOrderSort2 (0ms)
			AwakeInstancesAfterBackupRestoration (30ms)
Platform modules already initialized, skipping
Refreshing native plugins compatible for Editor in 0.59 ms, found 2 plugins.
Preloading 0 native plugins for Editor in 0.00 ms.
Unloading 1579 Unused Serialized files (Serialized files now loaded: 0)
Unloading 14 unused Assets / (24.6 KB). Loaded Objects now: 2314.
Memory consumption went from 80.1 MB to 80.1 MB.
Total: 5.547500 ms (FindLiveObjects: 0.300400 ms CreateObjectMapping: 0.367000 ms MarkObjects: 4.856600 ms  DeleteObjects: 0.021700 ms)

AssetImportParameters requested are different than current active one (requested -> active):
  custom:video-decoder-ogg-theora: a1e56fd34408186e4bbccfd4996cb3dc -> 
  custom:container-muxer-webm: aa71ff27fc2769a1b78a27578f13a17b -> 
  custom:container-demuxer-webm: 4f35f7cbe854078d1ac9338744f61a02 -> 
  custom:video-encoder-webm-vp8: eb34c28f22e8b96e1ab97ce403110664 -> 
  custom:video-codec-MediaFoundation-h265: 746d11721c4dcdbdad8f713fa42b33f4 -> 
  custom:audio-encoder-webm-vorbis: bf7c407c2cedff20999df2af8eb42d56 -> 
  custom:framework-win-MediaFoundation: 216162199b28c13a410421893ffa2e32 -> 
  custom:container-demuxer-ogg: 62fdf1f143b41e24485cea50d1cbac27 -> 
  custom:video-decoder-webm-vp8: 9c59270c3fd7afecdb556c50c9e8de78 -> 
  custom:audio-decoder-ogg-vorbis: bf7c407c2cedff20999df2af8eb42d56 -> 
